Using pre-set license
Built from '2020.3/staging' branch; Version is '2020.3.14f1 (d0d1bb862f9d) revision 13685179'; Using compiler version '192528614'; Build Type 'Release'
OS: 'Windows 10 Pro; OS build 22000.856; Version 2009; 64bit' Language: 'ja' Physical Memory: 65400 MB
BatchMode: 1, IsHumanControllingUs: 0, StartBugReporterOnCrash: 0, Is64bit: 1, IsPro: 0

 COMMAND LINE ARGUMENTS:
D:\UnityHub\2020.3.14f1\Editor\Unity.exe
-adb2
-batchMode
-noUpm
-name
AssetImportWorker0
-projectPath
D:/Unity/blender_sample
-logFile
Logs/AssetImportWorker0.log
-srvPort
55704
Successfully changed project path to: D:/Unity/blender_sample
D:/Unity/blender_sample
Using Asset Import Pipeline V2.
Refreshing native plugins compatible for Editor in 44.69 ms, found 6 plugins.
Preloading 1 native plugins for Editor in 0.81 ms.
Initialize engine version: 2020.3.14f1 (d0d1bb862f9d)
[Subsystems] Discovering subsystems at path D:/UnityHub/2020.3.14f1/Editor/Data/Resources/UnitySubsystems
[Subsystems] Discovering subsystems at path D:/Unity/blender_sample/Assets
GfxDevice: creating device client; threaded=0
Direct3D:
    Version:  Direct3D 11.0 [level 11.1]
    Renderer: NVIDIA GeForce RTX 3090 (ID=0x2204)
    Vendor:   
    VRAM:     24348 MB
    Driver:   31.0.15.1694
Shader 'Oculus/OVRMRCameraFrameLit': fallback shader 'Alpha-Diffuse' not found
Initialize mono
Mono path[0] = 'D:/UnityHub/2020.3.14f1/Editor/Data/Managed'
Mono path[1] = 'D:/UnityHub/2020.3.14f1/Editor/Data/MonoBleedingEdge/lib/mono/unityjit'
Mono config path = 'D:/UnityHub/2020.3.14f1/Editor/Data/MonoBleedingEdge/etc'
Using monoOptions --debugger-agent=transport=dt_socket,embedding=1,server=y,suspend=n,address=127.0.0.1:56788
Begin MonoManager ReloadAssembly
Registering precompiled unity dll's ...
Register platform support module: D:/UnityHub/2020.3.14f1/Editor/Data/PlaybackEngines/WindowsStandaloneSupport/UnityEditor.WindowsStandalone.Extensions.dll
Registered in 0.000852 seconds.
Native extension for WindowsStandalone target not found
Refreshing native plugins compatible for Editor in 35.96 ms, found 6 plugins.
Preloading 1 native plugins for Editor in 0.03 ms.
Mono: successfully reloaded assembly
- Completed reload, in  1.340 seconds
Domain Reload Profiling:
	ReloadAssembly (1340ms)
		BeginReloadAssembly (43ms)
			ExecutionOrderSort (0ms)
			DisableScriptedObjects (0ms)
			BackupInstance (0ms)
			ReleaseScriptingObjects (0ms)
			CreateAndSetChildDomain (1ms)
		EndReloadAssembly (325ms)
			LoadAssemblies (43ms)
			RebuildTransferFunctionScriptingTraits (0ms)
			SetupTypeCache (114ms)
			ReleaseScriptCaches (0ms)
			RebuildScriptCaches (25ms)
			SetupLoadedEditorAssemblies (131ms)
				LogAssemblyErrors (0ms)
				InitializePlatformSupportModulesInManaged (3ms)
				SetLoadedEditorAssemblies (0ms)
				RefreshPlugins (36ms)
				BeforeProcessingInitializeOnLoad (11ms)
				ProcessInitializeOnLoadAttributes (60ms)
				ProcessInitializeOnLoadMethodAttributes (21ms)
				AfterProcessingInitializeOnLoad (0ms)
				EditorAssembliesLoaded (0ms)
			ExecutionOrderSort2 (0ms)
			AwakeInstancesAfterBackupRestoration (0ms)
Platform modules already initialized, skipping
Registering precompiled user dll's ...
Registered in 0.004692 seconds.
Begin MonoManager ReloadAssembly
Native extension for WindowsStandalone target not found
Refreshing native plugins compatible for Editor in 0.58 ms, found 6 plugins.
Preloading 1 native plugins for Editor in 0.03 ms.
[XR] OculusXRPlugin: registering subsystems
[XR] Unable to register display lifecyle provider: [1]
[XR] Oculus Input lifecycle provider registered.
[XR] Unable to register input lifecyle provider: [1]
[XR] OVRP version 1.61.0
Mono: successfully reloaded assembly
- Completed reload, in  0.849 seconds
Domain Reload Profiling:
	ReloadAssembly (850ms)
		BeginReloadAssembly (118ms)
			ExecutionOrderSort (0ms)
			DisableScriptedObjects (4ms)
			BackupInstance (0ms)
			ReleaseScriptingObjects (0ms)
			CreateAndSetChildDomain (14ms)
		EndReloadAssembly (688ms)
			LoadAssemblies (78ms)
			RebuildTransferFunctionScriptingTraits (0ms)
			SetupTypeCache (233ms)
			ReleaseScriptCaches (0ms)
			RebuildScriptCaches (40ms)
			SetupLoadedEditorAssemblies (258ms)
				LogAssemblyErrors (0ms)
				InitializePlatformSupportModulesInManaged (4ms)
				SetLoadedEditorAssemblies (0ms)
				RefreshPlugins (1ms)
				BeforeProcessingInitializeOnLoad (70ms)
				ProcessInitializeOnLoadAttributes (173ms)
				ProcessInitializeOnLoadMethodAttributes (8ms)
				AfterProcessingInitializeOnLoad (2ms)
				EditorAssembliesLoaded (0ms)
			ExecutionOrderSort2 (0ms)
			AwakeInstancesAfterBackupRestoration (5ms)
Platform modules already initialized, skipping
========================================================================
Worker process is ready to serve import requests
Shader 'Oculus/OVRMRCameraFrameLit': fallback shader 'Alpha-Diffuse' not found
Launched and connected shader compiler UnityShaderCompiler.exe after 0.04 seconds
Refreshing native plugins compatible for Editor in 0.79 ms, found 6 plugins.
Preloading 1 native plugins for Editor in 0.05 ms.
Unloading 2038 Unused Serialized files (Serialized files now loaded: 0)
System memory in use before: 97.3 MB.
System memory in use after: 97.4 MB.

Unloading 44 unused Assets to reduce memory usage. Loaded Objects now: 2452.
Total: 1.977600 ms (FindLiveObjects: 0.183300 ms CreateObjectMapping: 0.070900 ms MarkObjects: 1.645800 ms  DeleteObjects: 0.076700 ms)

AssetImportParameters requested are different than current active one (requested -> active):
  custom:framework-win-MediaFoundation: 216162199b28c13a410421893ffa2e32 -> 
  custom:video-decoder-ogg-theora: a1e56fd34408186e4bbccfd4996cb3dc -> 
  custom:container-muxer-webm: aa71ff27fc2769a1b78a27578f13a17b -> 
  custom:container-demuxer-webm: 4f35f7cbe854078d1ac9338744f61a02 -> 
  custom:container-demuxer-ogg: 62fdf1f143b41e24485cea50d1cbac27 -> 
  custom:video-encoder-webm-vp8: eb34c28f22e8b96e1ab97ce403110664 -> 
  custom:video-codec-MediaFoundation-h265: 746d11721c4dcdbdad8f713fa42b33f4 -> 
  custom:video-decoder-webm-vp8: 9c59270c3fd7afecdb556c50c9e8de78 -> 
  custom:audio-decoder-ogg-vorbis: bf7c407c2cedff20999df2af8eb42d56 -> 
  custom:audio-encoder-webm-vorbis: bf7c407c2cedff20999df2af8eb42d56 -> 
========================================================================
Received Import Request.
  path: Assets/Shaders
  artifactKey: Guid(5b20cb1bc8b8cbf4ba7f548448e858e0) Importer(815301076,1909f56bfc062723c751e8b465ee728b)
Start importing Assets/Shaders using Guid(5b20cb1bc8b8cbf4ba7f548448e858e0) Importer(815301076,1909f56bfc062723c751e8b465ee728b)  -> (artifact id: '506fd4a8e52a501fdeffdf2b4accb375') in 0.006151 seconds 
  Import took 0.008364 seconds .

========================================================================
Received Import Request.
  Time since last request: 14.435208 seconds.
  path: Assets/Shaders/NewUnlitShader.shader
  artifactKey: Guid(a6521c79e5581f54cbf2c8909e496af0) Importer(815301076,1909f56bfc062723c751e8b465ee728b)
Start importing Assets/Shaders/NewUnlitShader.shader using Guid(a6521c79e5581f54cbf2c8909e496af0) Importer(815301076,1909f56bfc062723c751e8b465ee728b)  -> (artifact id: '21d92421a8100c0fd7e3c4f893770bea') in 0.030372 seconds 
  Import took 0.033016 seconds .

========================================================================
Received Import Request.
  Time since last request: 0.001032 seconds.
  path: Assets/Shaders/NewUnlitShader.shader
  artifactKey: Guid(a6521c79e5581f54cbf2c8909e496af0) Importer(815301076,1909f56bfc062723c751e8b465ee728b)
Start importing Assets/Shaders/NewUnlitShader.shader using Guid(a6521c79e5581f54cbf2c8909e496af0) Importer(815301076,1909f56bfc062723c751e8b465ee728b)  -> (artifact id: '21d92421a8100c0fd7e3c4f893770bea') in 0.001932 seconds 
  Import took 0.004293 seconds .

========================================================================
Received Import Request.
  Time since last request: 15.954373 seconds.
  path: Assets/Shaders/Culloff.shader
  artifactKey: Guid(a6521c79e5581f54cbf2c8909e496af0) Importer(815301076,1909f56bfc062723c751e8b465ee728b)
Start importing Assets/Shaders/Culloff.shader using Guid(a6521c79e5581f54cbf2c8909e496af0) Importer(815301076,1909f56bfc062723c751e8b465ee728b)  -> (artifact id: 'efa7542a24e25b61ffacc9ec21cefb6a') in 0.008363 seconds 
  Import took 0.011147 seconds .

========================================================================
Received Import Request.
  Time since last request: 74.860091 seconds.
  path: Assets/Shaders/Culloff.shader
  artifactKey: Guid(a6521c79e5581f54cbf2c8909e496af0) Importer(815301076,1909f56bfc062723c751e8b465ee728b)
Start importing Assets/Shaders/Culloff.shader using Guid(a6521c79e5581f54cbf2c8909e496af0) Importer(815301076,1909f56bfc062723c751e8b465ee728b)  -> (artifact id: 'fb8bd67c0be0d04777b3f0c6be4e4926') in 0.002524 seconds 
  Import took 0.005464 seconds .

========================================================================
Received Import Request.
  Time since last request: 298.325413 seconds.
  path: Assets/Shaders/Culloff.shader
  artifactKey: Guid(a6521c79e5581f54cbf2c8909e496af0) Importer(815301076,1909f56bfc062723c751e8b465ee728b)
Start importing Assets/Shaders/Culloff.shader using Guid(a6521c79e5581f54cbf2c8909e496af0) Importer(815301076,1909f56bfc062723c751e8b465ee728b)  -> (artifact id: 'bf1589957fabe22756c33b75ef610d04') in 0.002263 seconds 
  Import took 0.005025 seconds .

========================================================================
Received Import Request.
  Time since last request: 304.910310 seconds.
  path: Assets/Materials
  artifactKey: Guid(2eceff6a7a977884e8a23b5424ce201a) Importer(815301076,1909f56bfc062723c751e8b465ee728b)
Start importing Assets/Materials using Guid(2eceff6a7a977884e8a23b5424ce201a) Importer(815301076,1909f56bfc062723c751e8b465ee728b)  -> (artifact id: 'db830dd06d0d35d039576e44b396eb25') in 0.004593 seconds 
  Import took 0.007588 seconds .

========================================================================
Received Import Request.
  Time since last request: 65.537583 seconds.
  path: Assets/Materials/New Material.mat
  artifactKey: Guid(22266e79b05c9ae4da5ebf2956652058) Importer(815301076,1909f56bfc062723c751e8b465ee728b)
Start importing Assets/Materials/New Material.mat using Guid(22266e79b05c9ae4da5ebf2956652058) Importer(815301076,1909f56bfc062723c751e8b465ee728b)  -> (artifact id: 'cafc9febf55b132bb4acba14304128bd') in 0.096807 seconds 
  Import took 0.099342 seconds .

========================================================================
Received Import Request.
  Time since last request: 338.828634 seconds.
  path: Assets/Materials/light_green.mat
  artifactKey: Guid(22266e79b05c9ae4da5ebf2956652058) Importer(815301076,1909f56bfc062723c751e8b465ee728b)
Start importing Assets/Materials/light_green.mat using Guid(22266e79b05c9ae4da5ebf2956652058) Importer(815301076,1909f56bfc062723c751e8b465ee728b)  -> (artifact id: '7e30653a68fe121f909722447d323b10') in 0.010608 seconds 
  Import took 0.013698 seconds .

========================================================================
Received Import Request.
  Time since last request: 219.535724 seconds.
  path: Assets/Shaders/Culloff.shader
  artifactKey: Guid(a6521c79e5581f54cbf2c8909e496af0) Importer(815301076,1909f56bfc062723c751e8b465ee728b)
Start importing Assets/Shaders/Culloff.shader using Guid(a6521c79e5581f54cbf2c8909e496af0) Importer(815301076,1909f56bfc062723c751e8b465ee728b)  -> (artifact id: '382fbe2a4b81d8a59cb0b2178b62c3e9') in 0.002511 seconds 
  Import took 0.006758 seconds .

========================================================================
Received Import Request.
  Time since last request: 13.772168 seconds.
  path: Assets/Materials/light_green.mat
  artifactKey: Guid(22266e79b05c9ae4da5ebf2956652058) Importer(815301076,1909f56bfc062723c751e8b465ee728b)
Start importing Assets/Materials/light_green.mat using Guid(22266e79b05c9ae4da5ebf2956652058) Importer(815301076,1909f56bfc062723c751e8b465ee728b)  -> (artifact id: '7e4feb20b318868148fc90a03ef2d0fc') in 0.011964 seconds 
  Import took 0.014528 seconds .

AssetImportWorkerClient::OnTransportError - code=2 error=End of file
